# JRE version: OpenJDK Runtime Environment (22.0.2+9) (build 22.0.2+9-70)
# Java VM: OpenJDK 64-Bit Server VM (22.0.2+9-70, mixed mode, sharing, tiered, compressed oops, compressed class ptrs, g1 gc, windows-amd64)
GC Precious Log:
 CardTable entry size: 512
 Card Set container configuration: InlinePtr #cards 5 size 8 Array Of Cards #cards 12 size 40 Howl #buckets 4 coarsen threshold 1843 Howl Bitmap #cards 512 size 80 coarsen threshold 460 Card regions per heap region 1 cards per card region 2048
 CPUs: 4 total, 4 available
 Memory: 3879M
 Large Page Support: Disabled
 NUMA Support: Disabled
 Compressed Oops: Enabled (32-bit)
 Heap Region Size: 1M
 Heap Min Capacity: 8M
 Heap Initial Capacity: 62M
 Heap Max Capacity: 970M
 Pre-touch: Disabled
 Parallel Workers: 4
 Concurrent Workers: 1
 Concurrent Refinement Workers: 4
 Periodic GC: Disabled
Heap:
 garbage-first heap   total reserved 993280K, committed 61440K, used 39527K [0x00000000c3600000, 0x0000000100000000)
  region size 1024K, 11 young (11264K), 4 survivors (4096K)
 Metaspace       used 63210K, committed 63936K, reserved 1114112K
  class space    used 8651K, committed 8960K, reserved 1048576K
GC Heap History (20 events):
Event: 4.825 GC heap before
{Heap before GC invocations=3 (full 0):
 garbage-first heap   total reserved 993280K, committed 63488K, used 40997K [0x00000000c3600000, 0x0000000100000000)
  region size 1024K, 33 young (33792K), 3 survivors (3072K)
 Metaspace       used 19172K, committed 19456K, reserved 1114112K
  class space    used 2363K, committed 2496K, reserved 1048576K
}
Event: 4.861 GC heap after
{Heap after GC invocations=4 (full 0):
 garbage-first heap   total reserved 993280K, committed 63488K, used 14677K [0x00000000c3600000, 0x0000000100000000)
  region size 1024K, 5 young (5120K), 5 survivors (5120K)
 Metaspace       used 19172K, committed 19456K, reserved 1114112K
  class space    used 2363K, committed 2496K, reserved 1048576K
}
Event: 5.754 GC heap before
{Heap before GC invocations=4 (full 0):
 garbage-first heap   total reserved 993280K, committed 63488K, used 32085K [0x00000000c3600000, 0x0000000100000000)
  region size 1024K, 24 young (24576K), 5 survivors (5120K)
 Metaspace       used 21271K, committed 21504K, reserved 1114112K
  class space    used 2593K, committed 2688K, reserved 1048576K
}
Event: 5.762 GC heap after
{Heap after GC invocations=5 (full 0):
 garbage-first heap   total reserved 993280K, committed 63488K, used 16998K [0x00000000c3600000, 0x0000000100000000)
  region size 1024K, 3 young (3072K), 3 survivors (3072K)
 Metaspace       used 21271K, committed 21504K, reserved 1114112K
  class space    used 2593K, committed 2688K, reserved 1048576K
}
Event: 6.893 GC heap before
{Heap before GC invocations=6 (full 0):
 garbage-first heap   total reserved 993280K, committed 61440K, used 44646K [0x00000000c3600000, 0x0000000100000000)
  region size 1024K, 30 young (30720K), 3 survivors (3072K)
 Metaspace       used 24253K, committed 24576K, reserved 1114112K
  class space    used 2947K, committed 3072K, reserved 1048576K
}
Event: 6.901 GC heap after
{Heap after GC invocations=7 (full 0):
 garbage-first heap   total reserved 993280K, committed 61440K, used 18766K [0x00000000c3600000, 0x0000000100000000)
  region size 1024K, 4 young (4096K), 4 survivors (4096K)
 Metaspace       used 24253K, committed 24576K, reserved 1114112K
  class space    used 2947K, committed 3072K, reserved 1048576K
}
Event: 8.146 GC heap before
{Heap before GC invocations=7 (full 0):
 garbage-first heap   total reserved 993280K, committed 61440K, used 47438K [0x00000000c3600000, 0x0000000100000000)
  region size 1024K, 32 young (32768K), 4 survivors (4096K)
 Metaspace       used 28485K, committed 28992K, reserved 1114112K
  class space    used 3571K, committed 3776K, reserved 1048576K
}
Event: 8.156 GC heap after
{Heap after GC invocations=8 (full 0):
 garbage-first heap   total reserved 993280K, committed 61440K, used 21063K [0x00000000c3600000, 0x0000000100000000)
  region size 1024K, 4 young (4096K), 4 survivors (4096K)
 Metaspace       used 28485K, committed 28992K, reserved 1114112K
  class space    used 3571K, committed 3776K, reserved 1048576K
}
Event: 10.554 GC heap before
{Heap before GC invocations=8 (full 0):
 garbage-first heap   total reserved 993280K, committed 61440K, used 47687K [0x00000000c3600000, 0x0000000100000000)
  region size 1024K, 31 young (31744K), 4 survivors (4096K)
 Metaspace       used 32678K, committed 33152K, reserved 1114112K
  class space    used 4139K, committed 4352K, reserved 1048576K
}
Event: 10.561 GC heap after
{Heap after GC invocations=9 (full 0):
 garbage-first heap   total reserved 993280K, committed 61440K, used 24141K [0x00000000c3600000, 0x0000000100000000)
  region size 1024K, 3 young (3072K), 3 survivors (3072K)
 Metaspace       used 32678K, committed 33152K, reserved 1114112K
  class space    used 4139K, committed 4352K, reserved 1048576K
}
Event: 11.698 GC heap before
{Heap before GC invocations=9 (full 0):
 garbage-first heap   total reserved 993280K, committed 61440K, used 35405K [0x00000000c3600000, 0x0000000100000000)
  region size 1024K, 16 young (16384K), 3 survivors (3072K)
 Metaspace       used 35431K, committed 35968K, reserved 1114112K
  class space    used 4443K, committed 4672K, reserved 1048576K
}
Event: 11.706 GC heap after
{Heap after GC invocations=10 (full 0):
 garbage-first heap   total reserved 993280K, committed 61440K, used 25181K [0x00000000c3600000, 0x0000000100000000)
  region size 1024K, 2 young (2048K), 2 survivors (2048K)
 Metaspace       used 35431K, committed 35968K, reserved 1114112K
  class space    used 4443K, committed 4672K, reserved 1048576K
}
Event: 13.410 GC heap before
{Heap before GC invocations=11 (full 0):
 garbage-first heap   total reserved 993280K, committed 61440K, used 51805K [0x00000000c3600000, 0x0000000100000000)
  region size 1024K, 28 young (28672K), 2 survivors (2048K)
 Metaspace       used 41683K, committed 42240K, reserved 1114112K
  class space    used 5379K, committed 5632K, reserved 1048576K
}
Event: 13.414 GC heap after
{Heap after GC invocations=12 (full 0):
 garbage-first heap   total reserved 993280K, committed 61440K, used 27521K [0x00000000c3600000, 0x0000000100000000)
  region size 1024K, 4 young (4096K), 4 survivors (4096K)
 Metaspace       used 41683K, committed 42240K, reserved 1114112K
  class space    used 5379K, committed 5632K, reserved 1048576K
}
Event: 14.020 GC heap before
{Heap before GC invocations=12 (full 0):
 garbage-first heap   total reserved 993280K, committed 61440K, used 52097K [0x00000000c3600000, 0x0000000100000000)
  region size 1024K, 29 young (29696K), 4 survivors (4096K)
 Metaspace       used 48192K, committed 48768K, reserved 1114112K
  class space    used 6379K, committed 6656K, reserved 1048576K
}
Event: 14.025 GC heap after
{Heap after GC invocations=13 (full 0):
 garbage-first heap   total reserved 993280K, committed 61440K, used 29104K [0x00000000c3600000, 0x0000000100000000)
  region size 1024K, 2 young (2048K), 2 survivors (2048K)
 Metaspace       used 48192K, committed 48768K, reserved 1114112K
  class space    used 6379K, committed 6656K, reserved 1048576K
}
Event: 14.684 GC heap before
{Heap before GC invocations=13 (full 0):
 garbage-first heap   total reserved 993280K, committed 61440K, used 52656K [0x00000000c3600000, 0x0000000100000000)
  region size 1024K, 26 young (26624K), 2 survivors (2048K)
 Metaspace       used 55727K, committed 56320K, reserved 1114112K
  class space    used 7568K, committed 7808K, reserved 1048576K
}
Event: 14.689 GC heap after
{Heap after GC invocations=14 (full 0):
 garbage-first heap   total reserved 993280K, committed 61440K, used 29871K [0x00000000c3600000, 0x0000000100000000)
  region size 1024K, 3 young (3072K), 3 survivors (3072K)
 Metaspace       used 55727K, committed 56320K, reserved 1114112K
  class space    used 7568K, committed 7808K, reserved 1048576K
}
Event: 15.469 GC heap before
{Heap before GC invocations=14 (full 0):
 garbage-first heap   total reserved 993280K, committed 61440K, used 49327K [0x00000000c3600000, 0x0000000100000000)
  region size 1024K, 23 young (23552K), 3 survivors (3072K)
 Metaspace       used 59680K, committed 60288K, reserved 1114112K
  class space    used 8113K, committed 8384K, reserved 1048576K
}
Event: 15.475 GC heap after
{Heap after GC invocations=15 (full 0):
 garbage-first heap   total reserved 993280K, committed 61440K, used 31155K [0x00000000c3600000, 0x0000000100000000)
  region size 1024K, 3 young (3072K), 3 survivors (3072K)
 Metaspace       used 59680K, committed 60288K, reserved 1114112K
  class space    used 8113K, committed 8384K, reserved 1048576K
}

